<?xml version="1.0"?>

<cache-config xmlns:xsi="http://www.w3.org/2001/XMLSchema-instance"
              xmlns="http://xmlns.oracle.com/coherence/coherence-cache-config"
              xmlns:spring="class://com.oracle.coherence.spring.SpringNamespaceHandler"
              xsi:schemaLocation="http://xmlns.oracle.com/coherence/coherence-cache-config coherence-cache-config.xsd">

    <caching-scheme-mapping>
        <cache-mapping>
            <cache-name>cachingBean</cache-name>
            <scheme-name>distributed</scheme-name>
        </cache-mapping>
    </caching-scheme-mapping>

    <caching-schemes>
        <distributed-scheme>
            <scheme-name>distributed</scheme-name>
            <service-name>DistributedCache</service-name>
            <backing-map-scheme>
                <read-write-backing-map-scheme>
                    <internal-cache-scheme>
                        <local-scheme>
                            <scheme-ref>object-backing-map</scheme-ref>
                        </local-scheme>
                    </internal-cache-scheme>
                    <cachestore-scheme>
                        <class-scheme>
                            <spring:bean>
                                <spring:bean-name>cacheLoader</spring:bean-name>
                            </spring:bean>
                        </class-scheme>
                    </cachestore-scheme>
                    <refresh-ahead-factor>0.5</refresh-ahead-factor>
                </read-write-backing-map-scheme>
            </backing-map-scheme>
            <autostart>true</autostart>
        </distributed-scheme>

        <!--
         A scheme used by backing maps that may store data in object format and
         employ size limitation and/or expiry eviction policies.
        -->
        <local-scheme>
            <scheme-name>object-backing-map</scheme-name>
            <eviction-policy>HYBRID</eviction-policy>
            <high-units>{back-size-limit 0}</high-units>
            <expiry-delay>12h</expiry-delay>
        </local-scheme>

    </caching-schemes>

</cache-config>
