<?xml version="1.0"?>

<cache-config xmlns:xsi="http://www.w3.org/2001/XMLSchema-instance"
              xmlns="http://xmlns.oracle.com/coherence/coherence-cache-config"
              xmlns:spring="class://com.oracle.coherence.spring.SpringNamespaceHandler"
              xsi:schemaLocation="http://xmlns.oracle.com/coherence/coherence-cache-config
                                  http://xmlns.oracle.com/coherence/coherence-cache-config.xsd">

    <caching-scheme-mapping>
        <cache-mapping>
            <cache-name>cachingBean</cache-name>
            <scheme-name>distributed</scheme-name>
        </cache-mapping>
    </caching-scheme-mapping>

    <caching-schemes>
        <distributed-scheme>
            <scheme-name>distributed</scheme-name>
            <service-name>DistributedCache</service-name>
            <backing-map-scheme>
                <read-write-backing-map-scheme>
                    <internal-cache-scheme>
                        <local-scheme/>
                    </internal-cache-scheme>
                    <cachestore-scheme>
                        <class-scheme>
                            <spring:bean>
                                <spring:bean-name>cacheLoader</spring:bean-name>
                            </spring:bean>
                        </class-scheme>
                    </cachestore-scheme>
                    <refresh-ahead-factor>0.5</refresh-ahead-factor>
                </read-write-backing-map-scheme>
            </backing-map-scheme>
            <autostart>true</autostart>
            <local-storage>true</local-storage>
        </distributed-scheme>

    </caching-schemes>

</cache-config>
